0 info it worked if it ends with ok
1 verbose cli [ '/usr/local/bin/node', '/usr/local/bin/npm', 'run', 'dev' ]
2 info using npm@3.3.12
3 info using node@v5.2.0
4 verbose run-script [ 'predev', 'dev', 'postdev' ]
5 info lifecycle bap1@1.0.0~predev: bap1@1.0.0
6 silly lifecycle bap1@1.0.0~predev: no script for predev, continuing
7 info lifecycle bap1@1.0.0~dev: bap1@1.0.0
8 verbose lifecycle bap1@1.0.0~dev: unsafe-perm in lifecycle true
9 verbose lifecycle bap1@1.0.0~dev: PATH: /usr/local/lib/node_modules/npm/bin/node-gyp-bin:/Users/discodancer/code/bap1/node_modules/.bin:/usr/local/bin:/usr/bin:/bin:/usr/sbin:/sbin
10 verbose lifecycle bap1@1.0.0~dev: CWD: /Users/discodancer/code/bap1
11 silly lifecycle bap1@1.0.0~dev: Args: [ '-c',
11 silly lifecycle   'npm run start & webpack-dev-server --progress --color' ]
12 silly lifecycle bap1@1.0.0~dev: Returned: code: 1  signal: null
13 info lifecycle bap1@1.0.0~dev: Failed to exec dev script
14 verbose stack Error: bap1@1.0.0 dev: `npm run start & webpack-dev-server --progress --color`
14 verbose stack Exit status 1
14 verbose stack     at EventEmitter.<anonymous> (/usr/local/lib/node_modules/npm/lib/utils/lifecycle.js:232:16)
14 verbose stack     at emitTwo (events.js:88:13)
14 verbose stack     at EventEmitter.emit (events.js:173:7)
14 verbose stack     at ChildProcess.<anonymous> (/usr/local/lib/node_modules/npm/lib/utils/spawn.js:24:14)
14 verbose stack     at emitTwo (events.js:88:13)
14 verbose stack     at ChildProcess.emit (events.js:173:7)
14 verbose stack     at maybeClose (internal/child_process.js:819:16)
14 verbose stack     at Process.ChildProcess._handle.onexit (internal/child_process.js:212:5)
15 verbose pkgid bap1@1.0.0
16 verbose cwd /Users/discodancer/code/bap1
17 error Darwin 14.4.0
18 error argv "/usr/local/bin/node" "/usr/local/bin/npm" "run" "dev"
19 error node v5.2.0
20 error npm  v3.3.12
21 error code ELIFECYCLE
22 error bap1@1.0.0 dev: `npm run start & webpack-dev-server --progress --color`
22 error Exit status 1
23 error Failed at the bap1@1.0.0 dev script 'npm run start & webpack-dev-server --progress --color'.
23 error Make sure you have the latest version of node.js and npm installed.
23 error If you do, this is most likely a problem with the bap1 package,
23 error not with npm itself.
23 error Tell the author that this fails on your system:
23 error     npm run start & webpack-dev-server --progress --color
23 error You can get their info via:
23 error     npm owner ls bap1
23 error There is likely additional logging output above.
24 verbose exit [ 1, true ]
